<?xml version="1.0" encoding="UTF-8"?>
<testsuite name="MyTests" tests="5" skipped="0" failures="0" errors="0" timestamp="2023-05-09T14:39:56" hostname="DESKTOP-144FB1D" time="0.037">
  <properties/>
  <testcase name="testClient" classname="MyTests" time="0.025"/>
  <testcase name="testCompagnie" classname="MyTests" time="0.006"/>
  <testcase name="testPassager" classname="MyTests" time="0.0"/>
  <testcase name="testReservation" classname="MyTests" time="0.001"/>
  <testcase name="testVol" classname="MyTests" time="0.002"/>
  <system-out><![CDATA[]]></system-out>
  <system-err><![CDATA[]]></system-err>
</testsuite>
